Sum of all autotest marks = 21.0/70.0
(Commit being used in the automark: c6b2013)


100. Enemy Goal

Test 100-1: Test achieving a basic enemy goal kill spider
EnemyGoalTest > Test achieving a basic enemy goal kill spider FAILED java.lang.NullPointerException at dungeonmania.response.models.ResponseBuilder.getDungeonResponse(ResponseBuilder.java:27) at dungeonmania.DungeonManiaController.newGame(DungeonManiaController.java:56) at dungeonmania.automarking.EnemyGoalTest.killSpider(EnemyGoalTest.java:22) FAILURE DONE 1 test completed, 1 failed FAILURE: Build failed with an exception. blog.md build build.gradle checkstyle.xml client config_template.json extract_coverage.sh gradle gradlew gradlew.bat README.md src What went wrong: Execution failed for task ':test'. > There were failing tests. See the report at: file:///home/carl/tutoring/23T2/automarking/assignment-ii-automarking/groups/H13B_KISS/build/reports/tests/test/index.html blog.md build build.gradle checkstyle.xml client config_template.json extract_coverage.sh gradle gradlew gradlew.bat README.md src Try: Run with --stacktrace option to get the stack trace. Run with --info or --debug option to get more log output. Run with --scan to get full insights. blog.md build build.gradle checkstyle.xml client config_template.json extract_coverage.sh gradle gradlew gradlew.bat README.md src Get more help at https://help.gradle.org BUILD FAILED in 3s

Test 100-2: Test achieving a basic enemy goal kill zombie toast
EnemyGoalTest > Test achieving a basic enemy goal kill zombie toast FAILED java.lang.NullPointerException at dungeonmania.response.models.ResponseBuilder.getDungeonResponse(ResponseBuilder.java:27) at dungeonmania.DungeonManiaController.newGame(DungeonManiaController.java:56) at dungeonmania.automarking.EnemyGoalTest.killZombieToast(EnemyGoalTest.java:45) FAILURE DONE 1 test completed, 1 failed FAILURE: Build failed with an exception. blog.md build build.gradle checkstyle.xml client config_template.json extract_coverage.sh gradle gradlew gradlew.bat README.md src What went wrong: Execution failed for task ':test'. > There were failing tests. See the report at: file:///home/carl/tutoring/23T2/automarking/assignment-ii-automarking/groups/H13B_KISS/build/reports/tests/test/index.html blog.md build build.gradle checkstyle.xml client config_template.json extract_coverage.sh gradle gradlew gradlew.bat README.md src Try: Run with --stacktrace option to get the stack trace. Run with --info or --debug option to get more log output. Run with --scan to get full insights. blog.md build build.gradle checkstyle.xml client config_template.json extract_coverage.sh gradle gradlew gradlew.bat README.md src Get more help at https://help.gradle.org BUILD FAILED in 3s

Test 100-3: Test achieving a basic enemy goal kill mercenary
EnemyGoalTest > Test achieving a basic enemy goal kill mercenary FAILED java.lang.NullPointerException at dungeonmania.response.models.ResponseBuilder.getDungeonResponse(ResponseBuilder.java:27) at dungeonmania.DungeonManiaController.newGame(DungeonManiaController.java:56) at dungeonmania.automarking.EnemyGoalTest.killMercenary(EnemyGoalTest.java:68) FAILURE DONE 1 test completed, 1 failed FAILURE: Build failed with an exception. blog.md build build.gradle checkstyle.xml client config_template.json extract_coverage.sh gradle gradlew gradlew.bat README.md src What went wrong: Execution failed for task ':test'. > There were failing tests. See the report at: file:///home/carl/tutoring/23T2/automarking/assignment-ii-automarking/groups/H13B_KISS/build/reports/tests/test/index.html blog.md build build.gradle checkstyle.xml client config_template.json extract_coverage.sh gradle gradlew gradlew.bat README.md src Try: Run with --stacktrace option to get the stack trace. Run with --info or --debug option to get more log output. Run with --scan to get full insights. blog.md build build.gradle checkstyle.xml client config_template.json extract_coverage.sh gradle gradlew gradlew.bat README.md src Get more help at https://help.gradle.org BUILD FAILED in 3s

Test: Hidden Test
FAILED - Test output redacted

Test 100-5: Testing a map with 4 conjunction goal
EnemyGoalTest > Testing a map with 4 conjunction goal FAILED java.lang.NullPointerException at dungeonmania.goals.And.achieved(And.java:18) at dungeonmania.goals.And.achieved(And.java:18) at dungeonmania.response.models.ResponseBuilder.getDungeonResponse(ResponseBuilder.java:27) at dungeonmania.DungeonManiaController.newGame(DungeonManiaController.java:56) at dungeonmania.automarking.EnemyGoalTest.andAll(EnemyGoalTest.java:127) FAILURE DONE 1 test completed, 1 failed FAILURE: Build failed with an exception. blog.md build build.gradle checkstyle.xml client config_template.json extract_coverage.sh gradle gradlew gradlew.bat README.md src What went wrong: Execution failed for task ':test'. > There were failing tests. See the report at: file:///home/carl/tutoring/23T2/automarking/assignment-ii-automarking/groups/H13B_KISS/build/reports/tests/test/index.html blog.md build build.gradle checkstyle.xml client config_template.json extract_coverage.sh gradle gradlew gradlew.bat README.md src Try: Run with --stacktrace option to get the stack trace. Run with --info or --debug option to get more log output. Run with --scan to get full insights. blog.md build build.gradle checkstyle.xml client config_template.json extract_coverage.sh gradle gradlew gradlew.bat README.md src Get more help at https://help.gradle.org BUILD FAILED in 2s

Test 100-6: Testing a map with 4 disjunction goal
EnemyGoalTest > Testing a map with 4 disjunction goal FAILED java.lang.NullPointerException at dungeonmania.goals.Or.achieved(Or.java:17) at dungeonmania.goals.Or.achieved(Or.java:17) at dungeonmania.response.models.ResponseBuilder.getDungeonResponse(ResponseBuilder.java:27) at dungeonmania.DungeonManiaController.newGame(DungeonManiaController.java:56) at dungeonmania.automarking.EnemyGoalTest.orAll(EnemyGoalTest.java:160) FAILURE DONE 1 test completed, 1 failed FAILURE: Build failed with an exception. blog.md build build.gradle checkstyle.xml client config_template.json extract_coverage.sh gradle gradlew gradlew.bat README.md src What went wrong: Execution failed for task ':test'. > There were failing tests. See the report at: file:///home/carl/tutoring/23T2/automarking/assignment-ii-automarking/groups/H13B_KISS/build/reports/tests/test/index.html blog.md build build.gradle checkstyle.xml client config_template.json extract_coverage.sh gradle gradlew gradlew.bat README.md src Try: Run with --stacktrace option to get the stack trace. Run with --info or --debug option to get more log output. Run with --scan to get full insights. blog.md build build.gradle checkstyle.xml client config_template.json extract_coverage.sh gradle gradlew gradlew.bat README.md src Get more help at https://help.gradle.org BUILD FAILED in 2s

Test: Hidden Test
FAILED - Test output redacted

Test 100-8: Testing achieving a basic enemy goal by destroying a spawner
EnemyGoalTest > Testing achieving a basic enemy goal by destroying a spawner FAILED java.lang.NullPointerException at dungeonmania.response.models.ResponseBuilder.getDungeonResponse(ResponseBuilder.java:27) at dungeonmania.DungeonManiaController.newGame(DungeonManiaController.java:56) at dungeonmania.automarking.EnemyGoalTest.destroySpawner(EnemyGoalTest.java:204) FAILURE DONE 1 test completed, 1 failed FAILURE: Build failed with an exception. blog.md build build.gradle checkstyle.xml client config_template.json extract_coverage.sh gradle gradlew gradlew.bat README.md src What went wrong: Execution failed for task ':test'. > There were failing tests. See the report at: file:///home/carl/tutoring/23T2/automarking/assignment-ii-automarking/groups/H13B_KISS/build/reports/tests/test/index.html blog.md build build.gradle checkstyle.xml client config_template.json extract_coverage.sh gradle gradlew gradlew.bat README.md src Try: Run with --stacktrace option to get the stack trace. Run with --info or --debug option to get more log output. Run with --scan to get full insights. blog.md build build.gradle checkstyle.xml client config_template.json extract_coverage.sh gradle gradlew gradlew.bat README.md src Get more help at https://help.gradle.org BUILD FAILED in 2s

Test: Hidden Test
FAILED - Test output redacted

Test: Hidden Test
FAILED - Test output redacted

Your score for this section is: 0

102. Bosses (Assassin)

Test 102-1: Testing an assassin in line with Player moves towards them
BossTest > Testing an assassin in line with Player moves towards them FAILED java.lang.NullPointerException at dungeonmania.GameBuilder.lambda$buildMap$0(GameBuilder.java:82) at java.base/java.lang.Iterable.forEach(Iterable.java:75) at dungeonmania.GameBuilder.buildMap(GameBuilder.java:79) at dungeonmania.GameBuilder.buildGame(GameBuilder.java:49) at dungeonmania.DungeonManiaController.newGame(DungeonManiaController.java:55) at dungeonmania.automarking.BossTest.assassinMovement(BossTest.java:25) FAILURE DONE 1 test completed, 1 failed FAILURE: Build failed with an exception. blog.md build build.gradle checkstyle.xml client config_template.json extract_coverage.sh gradle gradlew gradlew.bat README.md src What went wrong: Execution failed for task ':test'. > There were failing tests. See the report at: file:///home/carl/tutoring/23T2/automarking/assignment-ii-automarking/groups/H13B_KISS/build/reports/tests/test/index.html blog.md build build.gradle checkstyle.xml client config_template.json extract_coverage.sh gradle gradlew gradlew.bat README.md src Try: Run with --stacktrace option to get the stack trace. Run with --info or --debug option to get more log output. Run with --scan to get full insights. blog.md build build.gradle checkstyle.xml client config_template.json extract_coverage.sh gradle gradlew gradlew.bat README.md src Get more help at https://help.gradle.org BUILD FAILED in 4s

Test 102-2: Test assassins can not move through walls and closed doors
BossTest > Test assassins can not move through walls and closed doors FAILED java.lang.NullPointerException at dungeonmania.GameBuilder.lambda$buildMap$0(GameBuilder.java:82) at java.base/java.lang.Iterable.forEach(Iterable.java:75) at dungeonmania.GameBuilder.buildMap(GameBuilder.java:79) at dungeonmania.GameBuilder.buildGame(GameBuilder.java:49) at dungeonmania.DungeonManiaController.newGame(DungeonManiaController.java:55) at dungeonmania.automarking.BossTest.assassinDoorsAndWalls(BossTest.java:45) FAILURE DONE 1 test completed, 1 failed FAILURE: Build failed with an exception. blog.md build build.gradle checkstyle.xml client config_template.json extract_coverage.sh gradle gradlew gradlew.bat README.md src What went wrong: Execution failed for task ':test'. > There were failing tests. See the report at: file:///home/carl/tutoring/23T2/automarking/assignment-ii-automarking/groups/H13B_KISS/build/reports/tests/test/index.html blog.md build build.gradle checkstyle.xml client config_template.json extract_coverage.sh gradle gradlew gradlew.bat README.md src Try: Run with --stacktrace option to get the stack trace. Run with --info or --debug option to get more log output. Run with --scan to get full insights. blog.md build build.gradle checkstyle.xml client config_template.json extract_coverage.sh gradle gradlew gradlew.bat README.md src Get more help at https://help.gradle.org BUILD FAILED in 4s

Test 102-3: Testing bribing an assassin with 0 fail rate
BossTest > Testing bribing an assassin with 0 fail rate FAILED java.lang.NullPointerException at dungeonmania.GameBuilder.lambda$buildMap$0(GameBuilder.java:82) at java.base/java.lang.Iterable.forEach(Iterable.java:75) at dungeonmania.GameBuilder.buildMap(GameBuilder.java:79) at dungeonmania.GameBuilder.buildGame(GameBuilder.java:49) at dungeonmania.DungeonManiaController.newGame(DungeonManiaController.java:55) at dungeonmania.automarking.BossTest.testAssassinBribeSuccess(BossTest.java:64) FAILURE DONE 1 test completed, 1 failed FAILURE: Build failed with an exception. blog.md build build.gradle checkstyle.xml client config_template.json extract_coverage.sh gradle gradlew gradlew.bat README.md src What went wrong: Execution failed for task ':test'. > There were failing tests. See the report at: file:///home/carl/tutoring/23T2/automarking/assignment-ii-automarking/groups/H13B_KISS/build/reports/tests/test/index.html blog.md build build.gradle checkstyle.xml client config_template.json extract_coverage.sh gradle gradlew gradlew.bat README.md src Try: Run with --stacktrace option to get the stack trace. Run with --info or --debug option to get more log output. Run with --scan to get full insights. blog.md build build.gradle checkstyle.xml client config_template.json extract_coverage.sh gradle gradlew gradlew.bat README.md src Get more help at https://help.gradle.org BUILD FAILED in 3s

Test 102-4: Testing bribed assassin should act as an ally
BossTest > Testing bribed assassin should act as an ally FAILED java.lang.NullPointerException at dungeonmania.GameBuilder.lambda$buildMap$0(GameBuilder.java:82) at java.base/java.lang.Iterable.forEach(Iterable.java:75) at dungeonmania.GameBuilder.buildMap(GameBuilder.java:79) at dungeonmania.GameBuilder.buildGame(GameBuilder.java:49) at dungeonmania.DungeonManiaController.newGame(DungeonManiaController.java:55) at dungeonmania.automarking.BossTest.testAssassinAllied(BossTest.java:100) FAILURE DONE 1 test completed, 1 failed FAILURE: Build failed with an exception. blog.md build build.gradle checkstyle.xml client config_template.json extract_coverage.sh gradle gradlew gradlew.bat README.md src What went wrong: Execution failed for task ':test'. > There were failing tests. See the report at: file:///home/carl/tutoring/23T2/automarking/assignment-ii-automarking/groups/H13B_KISS/build/reports/tests/test/index.html blog.md build build.gradle checkstyle.xml client config_template.json extract_coverage.sh gradle gradlew gradlew.bat README.md src Try: Run with --stacktrace option to get the stack trace. Run with --info or --debug option to get more log output. Run with --scan to get full insights. blog.md build build.gradle checkstyle.xml client config_template.json extract_coverage.sh gradle gradlew gradlew.bat README.md src Get more help at https://help.gradle.org BUILD FAILED in 4s

Test 102-5: Testing bribing an assassin with 100% fail rate and no refund
BossTest > Testing bribing an assassin with 100% fail rate, and no refund FAILED java.lang.NullPointerException at dungeonmania.GameBuilder.lambda$buildMap$0(GameBuilder.java:82) at java.base/java.lang.Iterable.forEach(Iterable.java:75) at dungeonmania.GameBuilder.buildMap(GameBuilder.java:79) at dungeonmania.GameBuilder.buildGame(GameBuilder.java:49) at dungeonmania.DungeonManiaController.newGame(DungeonManiaController.java:55) at dungeonmania.automarking.BossTest.testAssassinBribeFail(BossTest.java:142) FAILURE DONE 1 test completed, 1 failed FAILURE: Build failed with an exception. blog.md build build.gradle checkstyle.xml client config_template.json extract_coverage.sh gradle gradlew gradlew.bat README.md src What went wrong: Execution failed for task ':test'. > There were failing tests. See the report at: file:///home/carl/tutoring/23T2/automarking/assignment-ii-automarking/groups/H13B_KISS/build/reports/tests/test/index.html blog.md build build.gradle checkstyle.xml client config_template.json extract_coverage.sh gradle gradlew gradlew.bat README.md src Try: Run with --stacktrace option to get the stack trace. Run with --info or --debug option to get more log output. Run with --scan to get full insights. blog.md build build.gradle checkstyle.xml client config_template.json extract_coverage.sh gradle gradlew gradlew.bat README.md src Get more help at https://help.gradle.org BUILD FAILED in 2s

Test: Hidden Test
FAILED - Test output redacted

Test: Hidden Test
FAILED - Test output redacted

Your score for this section is: 0

103. Bosses (Hydra)

Test 103-1: Testing basic movement for hydra
BossTest > Testing basic movement for hydra FAILED java.lang.NullPointerException at dungeonmania.GameBuilder.lambda$buildMap$0(GameBuilder.java:82) at java.base/java.lang.Iterable.forEach(Iterable.java:75) at dungeonmania.GameBuilder.buildMap(GameBuilder.java:79) at dungeonmania.GameBuilder.buildGame(GameBuilder.java:49) at dungeonmania.DungeonManiaController.newGame(DungeonManiaController.java:55) at dungeonmania.automarking.BossTest.hydraMovement(BossTest.java:256) FAILURE DONE 1 test completed, 1 failed FAILURE: Build failed with an exception. blog.md build build.gradle checkstyle.xml client config_template.json extract_coverage.sh gradle gradlew gradlew.bat README.md src What went wrong: Execution failed for task ':test'. > There were failing tests. See the report at: file:///home/carl/tutoring/23T2/automarking/assignment-ii-automarking/groups/H13B_KISS/build/reports/tests/test/index.html blog.md build build.gradle checkstyle.xml client config_template.json extract_coverage.sh gradle gradlew gradlew.bat README.md src Try: Run with --stacktrace option to get the stack trace. Run with --info or --debug option to get more log output. Run with --scan to get full insights. blog.md build build.gradle checkstyle.xml client config_template.json extract_coverage.sh gradle gradlew gradlew.bat README.md src Get more help at https://help.gradle.org BUILD FAILED in 2s

Test 103-2: Testing hydras cannot move through closed doors and walls
BossTest > Testing hydras cannot move through closed doors and walls FAILED java.lang.NullPointerException at dungeonmania.GameBuilder.lambda$buildMap$0(GameBuilder.java:82) at java.base/java.lang.Iterable.forEach(Iterable.java:75) at dungeonmania.GameBuilder.buildMap(GameBuilder.java:79) at dungeonmania.GameBuilder.buildGame(GameBuilder.java:49) at dungeonmania.DungeonManiaController.newGame(DungeonManiaController.java:55) at dungeonmania.automarking.BossTest.hydraDoorsAndWalls(BossTest.java:283) FAILURE DONE 1 test completed, 1 failed FAILURE: Build failed with an exception. blog.md build build.gradle checkstyle.xml client config_template.json extract_coverage.sh gradle gradlew gradlew.bat README.md src What went wrong: Execution failed for task ':test'. > There were failing tests. See the report at: file:///home/carl/tutoring/23T2/automarking/assignment-ii-automarking/groups/H13B_KISS/build/reports/tests/test/index.html blog.md build build.gradle checkstyle.xml client config_template.json extract_coverage.sh gradle gradlew gradlew.bat README.md src Try: Run with --stacktrace option to get the stack trace. Run with --info or --debug option to get more log output. Run with --scan to get full insights. blog.md build build.gradle checkstyle.xml client config_template.json extract_coverage.sh gradle gradlew gradlew.bat README.md src Get more help at https://help.gradle.org BUILD FAILED in 2s

Test 103-3: Test player wins a battle against hydra when hydra does not increase health when taking damage
BossTest > Test player wins a battle against hydra when hydra does not increase health when taking damage FAILED java.lang.NullPointerException at dungeonmania.GameBuilder.lambda$buildMap$0(GameBuilder.java:82) at java.base/java.lang.Iterable.forEach(Iterable.java:75) at dungeonmania.GameBuilder.buildMap(GameBuilder.java:79) at dungeonmania.GameBuilder.buildGame(GameBuilder.java:49) at dungeonmania.DungeonManiaController.newGame(DungeonManiaController.java:55) at dungeonmania.automarking.BossTest.testPlayerWinsHydraBattle(BossTest.java:299) FAILURE DONE 1 test completed, 1 failed FAILURE: Build failed with an exception. blog.md build build.gradle checkstyle.xml client config_template.json extract_coverage.sh gradle gradlew gradlew.bat README.md src What went wrong: Execution failed for task ':test'. > There were failing tests. See the report at: file:///home/carl/tutoring/23T2/automarking/assignment-ii-automarking/groups/H13B_KISS/build/reports/tests/test/index.html blog.md build build.gradle checkstyle.xml client config_template.json extract_coverage.sh gradle gradlew gradlew.bat README.md src Try: Run with --stacktrace option to get the stack trace. Run with --info or --debug option to get more log output. Run with --scan to get full insights. blog.md build build.gradle checkstyle.xml client config_template.json extract_coverage.sh gradle gradlew gradlew.bat README.md src Get more help at https://help.gradle.org BUILD FAILED in 2s

Test: Hidden Test
FAILED - Test output redacted

Test 103-5: Test health calculation when the hydra increases its health
BossTest > Test health calculation when the hydra increases its health FAILED java.lang.NullPointerException at dungeonmania.GameBuilder.lambda$buildMap$0(GameBuilder.java:82) at java.base/java.lang.Iterable.forEach(Iterable.java:75) at dungeonmania.GameBuilder.buildMap(GameBuilder.java:79) at dungeonmania.GameBuilder.buildGame(GameBuilder.java:49) at dungeonmania.DungeonManiaController.newGame(DungeonManiaController.java:55) at dungeonmania.automarking.BossTest.testHydraIncreasesHealthCalculation(BossTest.java:354) FAILURE DONE 1 test completed, 1 failed FAILURE: Build failed with an exception. blog.md build build.gradle checkstyle.xml client config_template.json extract_coverage.sh gradle gradlew gradlew.bat README.md src What went wrong: Execution failed for task ':test'. > There were failing tests. See the report at: file:///home/carl/tutoring/23T2/automarking/assignment-ii-automarking/groups/H13B_KISS/build/reports/tests/test/index.html blog.md build build.gradle checkstyle.xml client config_template.json extract_coverage.sh gradle gradlew gradlew.bat README.md src Try: Run with --stacktrace option to get the stack trace. Run with --info or --debug option to get more log output. Run with --scan to get full insights. blog.md build build.gradle checkstyle.xml client config_template.json extract_coverage.sh gradle gradlew gradlew.bat README.md src Get more help at https://help.gradle.org BUILD FAILED in 2s

Test: Hidden Test
FAILED - Test output redacted

Your score for this section is: 0

104. Sunstone + Buildables

Test 104-1: Testing picking up a sun stone from the map adds to inventory
SunStoneTest > Testing picking up a sun stone from the map adds to inventory FAILED java.lang.NullPointerException at dungeonmania.GameBuilder.lambda$buildMap$0(GameBuilder.java:82) at java.base/java.lang.Iterable.forEach(Iterable.java:75) at dungeonmania.GameBuilder.buildMap(GameBuilder.java:79) at dungeonmania.GameBuilder.buildGame(GameBuilder.java:49) at dungeonmania.DungeonManiaController.newGame(DungeonManiaController.java:55) at dungeonmania.automarking.SunStoneTest.testSunStonePickUpRemoveFromMapAddToInventory(SunStoneTest.java:20) FAILURE DONE 1 test completed, 1 failed FAILURE: Build failed with an exception. blog.md build build.gradle checkstyle.xml client config_template.json extract_coverage.sh gradle gradlew gradlew.bat README.md src What went wrong: Execution failed for task ':test'. > There were failing tests. See the report at: file:///home/carl/tutoring/23T2/automarking/assignment-ii-automarking/groups/H13B_KISS/build/reports/tests/test/index.html blog.md build build.gradle checkstyle.xml client config_template.json extract_coverage.sh gradle gradlew gradlew.bat README.md src Try: Run with --stacktrace option to get the stack trace. Run with --info or --debug option to get more log output. Run with --scan to get full insights. blog.md build build.gradle checkstyle.xml client config_template.json extract_coverage.sh gradle gradlew gradlew.bat README.md src Get more help at https://help.gradle.org BUILD FAILED in 2s

Test 104-2: Testing using a sun stone to open two doors and the sun stone is retained
SunStoneTest > Testing using a sun stone to open two doors and the sun stone is retained FAILED java.lang.NullPointerException at dungeonmania.GameBuilder.lambda$buildMap$0(GameBuilder.java:82) at java.base/java.lang.Iterable.forEach(Iterable.java:75) at dungeonmania.GameBuilder.buildMap(GameBuilder.java:79) at dungeonmania.GameBuilder.buildGame(GameBuilder.java:49) at dungeonmania.DungeonManiaController.newGame(DungeonManiaController.java:55) at dungeonmania.automarking.SunStoneTest.testSunStoneUseToOpenDoor(SunStoneTest.java:38) FAILURE DONE 1 test completed, 1 failed FAILURE: Build failed with an exception. blog.md build build.gradle checkstyle.xml client config_template.json extract_coverage.sh gradle gradlew gradlew.bat README.md src What went wrong: Execution failed for task ':test'. > There were failing tests. See the report at: file:///home/carl/tutoring/23T2/automarking/assignment-ii-automarking/groups/H13B_KISS/build/reports/tests/test/index.html blog.md build build.gradle checkstyle.xml client config_template.json extract_coverage.sh gradle gradlew gradlew.bat README.md src Try: Run with --stacktrace option to get the stack trace. Run with --info or --debug option to get more log output. Run with --scan to get full insights. blog.md build build.gradle checkstyle.xml client config_template.json extract_coverage.sh gradle gradlew gradlew.bat README.md src Get more help at https://help.gradle.org BUILD FAILED in 2s

Test: Hidden Test
FAILED - Test output redacted

Test: Hidden Test
FAILED - Test output redacted

Test 104-5: Test sunstone counts towards the treasure goal
SunStoneTest > Test sunstone counts towards the treasure goal FAILED java.lang.NullPointerException at dungeonmania.GameBuilder.lambda$buildMap$0(GameBuilder.java:82) at java.base/java.lang.Iterable.forEach(Iterable.java:75) at dungeonmania.GameBuilder.buildMap(GameBuilder.java:79) at dungeonmania.GameBuilder.buildGame(GameBuilder.java:49) at dungeonmania.DungeonManiaController.newGame(DungeonManiaController.java:55) at dungeonmania.automarking.SunStoneTest.testSunStoneCountsTreasureGoal(SunStoneTest.java:134) FAILURE DONE 1 test completed, 1 failed FAILURE: Build failed with an exception. blog.md build build.gradle checkstyle.xml client config_template.json extract_coverage.sh gradle gradlew gradlew.bat README.md src What went wrong: Execution failed for task ':test'. > There were failing tests. See the report at: file:///home/carl/tutoring/23T2/automarking/assignment-ii-automarking/groups/H13B_KISS/build/reports/tests/test/index.html blog.md build build.gradle checkstyle.xml client config_template.json extract_coverage.sh gradle gradlew gradlew.bat README.md src Try: Run with --stacktrace option to get the stack trace. Run with --info or --debug option to get more log output. Run with --scan to get full insights. blog.md build build.gradle checkstyle.xml client config_template.json extract_coverage.sh gradle gradlew gradlew.bat README.md src Get more help at https://help.gradle.org BUILD FAILED in 2s

Test: Hidden Test
FAILED - Test output redacted

Test 104-7: (arrows x2) + (key x1) + (sun stone x1) => (sceptre x1)
BuildablesM3Test > (arrows x2) + (key x1) + (sun stone x1) => (sceptre x1) FAILED java.lang.NullPointerException at dungeonmania.GameBuilder.lambda$buildMap$0(GameBuilder.java:82) at java.base/java.lang.Iterable.forEach(Iterable.java:75) at dungeonmania.GameBuilder.buildMap(GameBuilder.java:79) at dungeonmania.GameBuilder.buildGame(GameBuilder.java:49) at dungeonmania.DungeonManiaController.newGame(DungeonManiaController.java:55) at dungeonmania.automarking.BuildablesM3Test.testBuildSceptre1(BuildablesM3Test.java:23) FAILURE DONE 1 test completed, 1 failed FAILURE: Build failed with an exception. blog.md build build.gradle checkstyle.xml client config_template.json extract_coverage.sh gradle gradlew gradlew.bat README.md src What went wrong: Execution failed for task ':test'. > There were failing tests. See the report at: file:///home/carl/tutoring/23T2/automarking/assignment-ii-automarking/groups/H13B_KISS/build/reports/tests/test/index.html blog.md build build.gradle checkstyle.xml client config_template.json extract_coverage.sh gradle gradlew gradlew.bat README.md src Try: Run with --stacktrace option to get the stack trace. Run with --info or --debug option to get more log output. Run with --scan to get full insights. blog.md build build.gradle checkstyle.xml client config_template.json extract_coverage.sh gradle gradlew gradlew.bat README.md src Get more help at https://help.gradle.org BUILD FAILED in 2s

Test: Hidden Test
SUCCESS DONE

Test: Hidden Test
FAILED - Test output redacted

Test 104-10: (sword x1) + (sun stone x1) + (zombie x1) => (midnight armour x0) + InvalidActionException
BuildablesM3Test > (sword x1) + (sun stone x1) + (zombie x1) => (midnight armour x0) + InvalidActionException FAILED java.lang.NullPointerException at dungeonmania.GameBuilder.lambda$buildMap$0(GameBuilder.java:82) at java.base/java.lang.Iterable.forEach(Iterable.java:75) at dungeonmania.GameBuilder.buildMap(GameBuilder.java:79) at dungeonmania.GameBuilder.buildGame(GameBuilder.java:49) at dungeonmania.DungeonManiaController.newGame(DungeonManiaController.java:55) at dungeonmania.automarking.BuildablesM3Test.testBuildMidnightArmourWithZombies(BuildablesM3Test.java:153) FAILURE DONE 1 test completed, 1 failed FAILURE: Build failed with an exception. blog.md build build.gradle checkstyle.xml client config_template.json extract_coverage.sh gradle gradlew gradlew.bat README.md src What went wrong: Execution failed for task ':test'. > There were failing tests. See the report at: file:///home/carl/tutoring/23T2/automarking/assignment-ii-automarking/groups/H13B_KISS/build/reports/tests/test/index.html blog.md build build.gradle checkstyle.xml client config_template.json extract_coverage.sh gradle gradlew gradlew.bat README.md src Try: Run with --stacktrace option to get the stack trace. Run with --info or --debug option to get more log output. Run with --scan to get full insights. blog.md build build.gradle checkstyle.xml client config_template.json extract_coverage.sh gradle gradlew gradlew.bat README.md src Get more help at https://help.gradle.org BUILD FAILED in 2s

Test: Hidden Test
FAILED - Test output redacted

Test 104-12: Using sceptre to mind control a mercenary
BuildablesM3Test > Using sceptre to mind control a mercenary FAILED java.lang.NullPointerException at dungeonmania.GameBuilder.lambda$buildMap$0(GameBuilder.java:82) at java.base/java.lang.Iterable.forEach(Iterable.java:75) at dungeonmania.GameBuilder.buildMap(GameBuilder.java:79) at dungeonmania.GameBuilder.buildGame(GameBuilder.java:49) at dungeonmania.DungeonManiaController.newGame(DungeonManiaController.java:55) at dungeonmania.automarking.BuildablesM3Test.testSceptreMindControlMercenary(BuildablesM3Test.java:233) FAILURE DONE 1 test completed, 1 failed FAILURE: Build failed with an exception. blog.md build build.gradle checkstyle.xml client config_template.json extract_coverage.sh gradle gradlew gradlew.bat README.md src What went wrong: Execution failed for task ':test'. > There were failing tests. See the report at: file:///home/carl/tutoring/23T2/automarking/assignment-ii-automarking/groups/H13B_KISS/build/reports/tests/test/index.html blog.md build build.gradle checkstyle.xml client config_template.json extract_coverage.sh gradle gradlew gradlew.bat README.md src Try: Run with --stacktrace option to get the stack trace. Run with --info or --debug option to get more log output. Run with --scan to get full insights. blog.md build build.gradle checkstyle.xml client config_template.json extract_coverage.sh gradle gradlew gradlew.bat README.md src Get more help at https://help.gradle.org BUILD FAILED in 2s

Test 104-13: Test for mind control duration
BuildablesM3Test > Test for mind control duration FAILED java.lang.NullPointerException at dungeonmania.GameBuilder.lambda$buildMap$0(GameBuilder.java:82) at java.base/java.lang.Iterable.forEach(Iterable.java:75) at dungeonmania.GameBuilder.buildMap(GameBuilder.java:79) at dungeonmania.GameBuilder.buildGame(GameBuilder.java:49) at dungeonmania.DungeonManiaController.newGame(DungeonManiaController.java:55) at dungeonmania.automarking.BuildablesM3Test.testSceptreMindControlDuration(BuildablesM3Test.java:290) FAILURE DONE 1 test completed, 1 failed FAILURE: Build failed with an exception. blog.md build build.gradle checkstyle.xml client config_template.json extract_coverage.sh gradle gradlew gradlew.bat README.md src What went wrong: Execution failed for task ':test'. > There were failing tests. See the report at: file:///home/carl/tutoring/23T2/automarking/assignment-ii-automarking/groups/H13B_KISS/build/reports/tests/test/index.html blog.md build build.gradle checkstyle.xml client config_template.json extract_coverage.sh gradle gradlew gradlew.bat README.md src Try: Run with --stacktrace option to get the stack trace. Run with --info or --debug option to get more log output. Run with --scan to get full insights. blog.md build build.gradle checkstyle.xml client config_template.json extract_coverage.sh gradle gradlew gradlew.bat README.md src Get more help at https://help.gradle.org BUILD FAILED in 2s

Test 104-14: Use midnight armour to attack - player battles for less rounds to win
BuildablesM3Test > Use midnight armour to attack - player battles for less rounds to win FAILED java.lang.NullPointerException at dungeonmania.GameBuilder.lambda$buildMap$0(GameBuilder.java:82) at java.base/java.lang.Iterable.forEach(Iterable.java:75) at dungeonmania.GameBuilder.buildMap(GameBuilder.java:79) at dungeonmania.GameBuilder.buildGame(GameBuilder.java:49) at dungeonmania.DungeonManiaController.newGame(DungeonManiaController.java:55) at dungeonmania.automarking.BuildablesM3Test.testMidnightArmourAttack(BuildablesM3Test.java:345) FAILURE DONE 1 test completed, 1 failed FAILURE: Build failed with an exception. blog.md build build.gradle checkstyle.xml client config_template.json extract_coverage.sh gradle gradlew gradlew.bat README.md src What went wrong: Execution failed for task ':test'. > There were failing tests. See the report at: file:///home/carl/tutoring/23T2/automarking/assignment-ii-automarking/groups/H13B_KISS/build/reports/tests/test/index.html blog.md build build.gradle checkstyle.xml client config_template.json extract_coverage.sh gradle gradlew gradlew.bat README.md src Try: Run with --stacktrace option to get the stack trace. Run with --info or --debug option to get more log output. Run with --scan to get full insights. blog.md build build.gradle checkstyle.xml client config_template.json extract_coverage.sh gradle gradlew gradlew.bat README.md src Get more help at https://help.gradle.org BUILD FAILED in 2s

Test: Hidden Test
FAILED - Test output redacted

Your score for this section is: 1.0

105. Swamp Tile

Test 105-1: Testing mercenary gets stuck in swamp
SwampTileTest > Testing mercenary gets stuck in swamp FAILED java.lang.NullPointerException at dungeonmania.GameBuilder.lambda$buildMap$0(GameBuilder.java:82) at java.base/java.lang.Iterable.forEach(Iterable.java:75) at dungeonmania.GameBuilder.buildMap(GameBuilder.java:79) at dungeonmania.GameBuilder.buildGame(GameBuilder.java:49) at dungeonmania.DungeonManiaController.newGame(DungeonManiaController.java:55) at dungeonmania.automarking.SwampTileTest.slowMercenary(SwampTileTest.java:27) FAILURE DONE 1 test completed, 1 failed FAILURE: Build failed with an exception. blog.md build build.gradle checkstyle.xml client config_template.json extract_coverage.sh gradle gradlew gradlew.bat README.md src What went wrong: Execution failed for task ':test'. > There were failing tests. See the report at: file:///home/carl/tutoring/23T2/automarking/assignment-ii-automarking/groups/H13B_KISS/build/reports/tests/test/index.html blog.md build build.gradle checkstyle.xml client config_template.json extract_coverage.sh gradle gradlew gradlew.bat README.md src Try: Run with --stacktrace option to get the stack trace. Run with --info or --debug option to get more log output. Run with --scan to get full insights. blog.md build build.gradle checkstyle.xml client config_template.json extract_coverage.sh gradle gradlew gradlew.bat README.md src Get more help at https://help.gradle.org BUILD FAILED in 3s

Test 105-2: Testing if mercenaries take into account movement factor when pathfinding
SwampTileTest > Testing if mercenaries take into account movement factor when pathfinding FAILED java.lang.NullPointerException at dungeonmania.GameBuilder.lambda$buildMap$0(GameBuilder.java:82) at java.base/java.lang.Iterable.forEach(Iterable.java:75) at dungeonmania.GameBuilder.buildMap(GameBuilder.java:79) at dungeonmania.GameBuilder.buildGame(GameBuilder.java:49) at dungeonmania.DungeonManiaController.newGame(DungeonManiaController.java:55) at dungeonmania.automarking.SwampTileTest.mercPathfindWithSwampTile(SwampTileTest.java:51) FAILURE DONE 1 test completed, 1 failed FAILURE: Build failed with an exception. blog.md build build.gradle checkstyle.xml client config_template.json extract_coverage.sh gradle gradlew gradlew.bat README.md src What went wrong: Execution failed for task ':test'. > There were failing tests. See the report at: file:///home/carl/tutoring/23T2/automarking/assignment-ii-automarking/groups/H13B_KISS/build/reports/tests/test/index.html blog.md build build.gradle checkstyle.xml client config_template.json extract_coverage.sh gradle gradlew gradlew.bat README.md src Try: Run with --stacktrace option to get the stack trace. Run with --info or --debug option to get more log output. Run with --scan to get full insights. blog.md build build.gradle checkstyle.xml client config_template.json extract_coverage.sh gradle gradlew gradlew.bat README.md src Get more help at https://help.gradle.org BUILD FAILED in 3s

Test 105-3: Testing player does not get slowed by swamp tile
SwampTileTest > Testing player does not get slowed by swamp tile FAILED java.lang.NullPointerException at dungeonmania.GameBuilder.lambda$buildMap$0(GameBuilder.java:82) at java.base/java.lang.Iterable.forEach(Iterable.java:75) at dungeonmania.GameBuilder.buildMap(GameBuilder.java:79) at dungeonmania.GameBuilder.buildGame(GameBuilder.java:49) at dungeonmania.DungeonManiaController.newGame(DungeonManiaController.java:55) at dungeonmania.automarking.SwampTileTest.testPlayerNotSlowedBySwamp(SwampTileTest.java:78) FAILURE DONE 1 test completed, 1 failed FAILURE: Build failed with an exception. blog.md build build.gradle checkstyle.xml client config_template.json extract_coverage.sh gradle gradlew gradlew.bat README.md src What went wrong: Execution failed for task ':test'. > There were failing tests. See the report at: file:///home/carl/tutoring/23T2/automarking/assignment-ii-automarking/groups/H13B_KISS/build/reports/tests/test/index.html blog.md build build.gradle checkstyle.xml client config_template.json extract_coverage.sh gradle gradlew gradlew.bat README.md src Try: Run with --stacktrace option to get the stack trace. Run with --info or --debug option to get more log output. Run with --scan to get full insights. blog.md build build.gradle checkstyle.xml client config_template.json extract_coverage.sh gradle gradlew gradlew.bat README.md src Get more help at https://help.gradle.org BUILD FAILED in 2s

Test: Hidden Test
FAILED - Test output redacted

Test 105-5: Testing multiple swamp tiles all slow
SwampTileTest > Testing multiple swamp tiles all slow FAILED java.lang.NullPointerException at dungeonmania.GameBuilder.lambda$buildMap$0(GameBuilder.java:82) at java.base/java.lang.Iterable.forEach(Iterable.java:75) at dungeonmania.GameBuilder.buildMap(GameBuilder.java:79) at dungeonmania.GameBuilder.buildGame(GameBuilder.java:49) at dungeonmania.DungeonManiaController.newGame(DungeonManiaController.java:55) at dungeonmania.automarking.SwampTileTest.testMultiSwamp(SwampTileTest.java:117) FAILURE DONE 1 test completed, 1 failed FAILURE: Build failed with an exception. blog.md build build.gradle checkstyle.xml client config_template.json extract_coverage.sh gradle gradlew gradlew.bat README.md src What went wrong: Execution failed for task ':test'. > There were failing tests. See the report at: file:///home/carl/tutoring/23T2/automarking/assignment-ii-automarking/groups/H13B_KISS/build/reports/tests/test/index.html blog.md build build.gradle checkstyle.xml client config_template.json extract_coverage.sh gradle gradlew gradlew.bat README.md src Try: Run with --stacktrace option to get the stack trace. Run with --info or --debug option to get more log output. Run with --scan to get full insights. blog.md build build.gradle checkstyle.xml client config_template.json extract_coverage.sh gradle gradlew gradlew.bat README.md src Get more help at https://help.gradle.org BUILD FAILED in 2s

Test: Hidden Test
FAILED - Test output redacted

Test: Hidden Test
FAILED - Test output redacted

Your score for this section is: 0

108. Logic Switches

Test 108-1: Test walking onto a wire
SUCCESS DONE

Test 108-2: Test turning on a light bulb
SUCCESS DONE

Test 108-3: Test activating a wire and exploding a bomb
SUCCESS DONE

Test 108-4: Test complex logic switches with AND light bulb
SUCCESS DONE

Test: Hidden Test
SUCCESS DONE

Test: Hidden Test
SUCCESS DONE

Test 108-7: Test complex logic switches with XOR light bulb
SUCCESS DONE

Test 108-8: Test complex logic switches with CO_AND light bulb
SUCCESS DONE

Test: Hidden Test
SUCCESS DONE

Test 108-10: Test opening a switch door
SUCCESS DONE

Test 108-11: Test complex logic switches with AND switch door
SUCCESS DONE

Test: Hidden Test
SUCCESS DONE

Test: Hidden Test
SUCCESS DONE

Test 108-14: Test complex logic switches with CO_AND switch door
SUCCESS DONE

Test: Hidden Test
SUCCESS DONE

Test: Hidden Test
SUCCESS DONE

Test: Hidden Test
SUCCESS DONE

Your score for this section is: 20.0

